#
# A fatal error has been detected by the Java Runtime Environment:
#
#  EXCEPTION_ACCESS_VIOLATION (0xc0000005) at pc=0x00007ffd078a12f4, pid=15676, tid=16076
#
# JRE version: Java(TM) SE Runtime Environment (8.0_05-b13) (build 1.8.0_05-b13)
# Java VM: Java HotSpot(TM) 64-Bit Server VM (25.5-b02 mixed mode windows-amd64 compressed oops)
# Problematic frame:
# C  [ig75icd64.dll+0x112f4]
#
# Failed to write core dump. Minidumps are not enabled by default on client versions of Windows
#
# If you would like to submit a bug report, please visit:
#   http://bugreport.sun.com/bugreport/crash.jsp
# The crash happened outside the Java Virtual Machine in native code.
# See problematic frame for where to report the bug.
#

---------------  T H R E A D  ---------------

Current thread (0x0000000016da4000):  JavaThread "AWT-EventQueue-0" [_thread_in_native, id=16076, stack(0x000000005ccd0000,0x000000005cdd0000)]

siginfo: ExceptionCode=0xc0000005, writing address 0x0000000000000000

Registers:
RAX=0x0000000000000001, RBX=0x000000001b506318, RCX=0x0000000000000010, RDX=0x000000001b507830
RSP=0x000000005cdcdfa0, RBP=0x0000000000000000, RSI=0x000000001b4e2740, RDI=0x0000000000000010
R8 =0x0000000000000010, R9 =0x0000000000000000, R10=0x0000000000000001, R11=0x0000000000000001
R12=0x0000000000000000, R13=0x0000000100067738, R14=0x000000001b506318, R15=0x0000000016da4000
RIP=0x00007ffd078a12f4, EFLAGS=0x0000000000010206

Top of Stack: (sp=0x000000005cdcdfa0)
0x000000005cdcdfa0:   0000000000000001 0000000100067738
0x000000005cdcdfb0:   000000001b4e2740 00007ffd07abca24
0x000000005cdcdfc0:   000000001b506318 000000000000000a
0x000000005cdcdfd0:   000000001b4e2740 0000000016da4000
0x000000005cdcdfe0:   0000000000000010 00007ffd0796978a
0x000000005cdcdff0:   000000001b506318 000000001b4e2740
0x000000005cdce000:   00007ffd07890000 000000005cdce1d0
0x000000005cdce010:   000000039b4e1090 00007ffd0796a79b
0x000000005cdce020:   000000001b4e2740 00000000c19a6f60
0x000000005cdce030:   000000005cdce1d0 00007ffd07890000
0x000000005cdce040:   000000001b4e2740 00007ffd07cba83a
0x000000005cdce050:   0000000000000000 00007ffd07cbdcd3
0x000000005cdce060:   00000000000004b0 0000000000000000
0x000000005cdce070:   000000001b4e2740 00007ffd07d76423
0x000000005cdce080:   00000000c19a6f60 0000000100067738
0x000000005cdce090:   000000001b4e2740 00007ffd07890000 

Instructions: (pc=0x00007ffd078a12f4)
0x00007ffd078a12d4:   d1 49 c1 eb 04 4d 85 db 0f 84 24 02 00 00 f3 0f
0x00007ffd078a12e4:   6f 02 41 ff c2 48 83 c1 10 41 8b c2 48 83 c2 10
0x00007ffd078a12f4:   f3 0f 7f 41 f0 49 3b c3 72 e4 e9 03 02 00 00 48
0x00007ffd078a1304:   89 7c 24 40 8b f9 83 e7 0f 74 68 48 89 5c 24 50 


Register to memory mapping:

RAX=0x0000000000000001 is an unknown value
RBX=0x000000001b506318 is an unknown value
RCX=0x0000000000000010 is an unknown value
RDX=0x000000001b507830 is an unknown value
RSP=0x000000005cdcdfa0 is pointing into the stack for thread: 0x0000000016da4000
RBP=0x0000000000000000 is an unknown value
RSI=0x000000001b4e2740 is an unknown value
RDI=0x0000000000000010 is an unknown value
R8 =0x0000000000000010 is an unknown value
R9 =0x0000000000000000 is an unknown value
R10=0x0000000000000001 is an unknown value
R11=0x0000000000000001 is an unknown value
R12=0x0000000000000000 is an unknown value
R13=0x0000000100067738 is an unknown value
R14=0x000000001b506318 is an unknown value
R15=0x0000000016da4000 is a thread


Stack: [0x000000005ccd0000,0x000000005cdd0000],  sp=0x000000005cdcdfa0,  free space=1015k
Native frames: (J=compiled Java code, j=interpreted, Vv=VM code, C=native code)

Java frames: (J=compiled Java code, j=interpreted, Vv=VM code)
J 943  jogamp.opengl.gl4.GL4bcImpl.dispatch_glCallList1(IJ)V (0 bytes) @ 0x000000000242f7bb [0x000000000242f780+0x3b]
J 1604 C2 cs480viewer.task7.Viewer.display(Lcom/jogamp/opengl/GLAutoDrawable;)V (402 bytes) @ 0x000000000267a058 [0x0000000002679580+0xad8]
J 1590 C2 com.jogamp.opengl.awt.GLCanvas$11.run()V (122 bytes) @ 0x0000000002649410 [0x0000000002649100+0x310]
J 1594 C2 jogamp.opengl.GLDrawableHelper.invokeGLImpl(Lcom/jogamp/opengl/GLDrawable;Lcom/jogamp/opengl/GLContext;Ljava/lang/Runnable;Ljava/lang/Runnable;)V (579 bytes) @ 0x0000000002667268 [0x0000000002666fe0+0x288]
J 1601 C2 java.awt.event.InvocationEvent.dispatch()V (69 bytes) @ 0x000000000264dc34 [0x000000000264da80+0x1b4]
J 1616 C2 java.awt.EventQueue$3.run()Ljava/lang/Object; (5 bytes) @ 0x000000000268cc58 [0x000000000268c9a0+0x2b8]
v  ~StubRoutines::call_stub
J 1151  java.security.AccessController.doPrivileged(Ljava/security/PrivilegedAction;Ljava/security/AccessControlContext;)Ljava/lang/Object; (0 bytes) @ 0x00000000024a27a6 [0x00000000024a2740+0x66]
J 1585 C2 java.awt.EventDispatchThread.pumpOneEventForFilters(I)V (295 bytes) @ 0x0000000002652d80 [0x0000000002651da0+0xfe0]
j  java.awt.EventDispatchThread.pumpEventsForFilter(ILjava/awt/Conditional;Ljava/awt/EventFilter;)V+35
j  java.awt.EventDispatchThread.pumpEventsForHierarchy(ILjava/awt/Conditional;Ljava/awt/Component;)V+11
j  java.awt.EventDispatchThread.pumpEvents(ILjava/awt/Conditional;)V+4
j  java.awt.EventDispatchThread.pumpEvents(Ljava/awt/Conditional;)V+3
j  java.awt.EventDispatchThread.run()V+9
v  ~StubRoutines::call_stub

---------------  P R O C E S S  ---------------

Java Threads: ( => current thread )
  0x00000000169b0800 JavaThread "D3D Screen Updater" daemon [_thread_blocked, id=10612, stack(0x000000005d4d0000,0x000000005d5d0000)]
=>0x0000000016da4000 JavaThread "AWT-EventQueue-0" [_thread_in_native, id=16076, stack(0x000000005ccd0000,0x000000005cdd0000)]
  0x00000000169d5800 JavaThread "AWT-Shutdown" [_thread_blocked, id=16304, stack(0x000000001ba00000,0x000000001bb00000)]
  0x0000000016c72000 JavaThread "main-SharedResourceRunner" daemon [_thread_blocked, id=16072, stack(0x000000001bd00000,0x000000001be00000)]
  0x0000000015b50800 JavaThread "Timer-0" [_thread_blocked, id=3688, stack(0x0000000016110000,0x0000000016210000)]
  0x0000000015b47800 JavaThread "AWT-Windows" daemon [_thread_in_native, id=15948, stack(0x0000000015e60000,0x0000000015f60000)]
  0x0000000015b45800 JavaThread "Java2D Disposer" daemon [_thread_blocked, id=15564, stack(0x0000000015c60000,0x0000000015d60000)]
  0x00000000144ad000 JavaThread "Service Thread" daemon [_thread_blocked, id=15732, stack(0x0000000015580000,0x0000000015680000)]
  0x0000000014440800 JavaThread "C1 CompilerThread1" daemon [_thread_blocked, id=5352, stack(0x0000000015480000,0x0000000015580000)]
  0x000000001443a000 JavaThread "C2 CompilerThread0" daemon [_thread_in_vm, id=11736, stack(0x0000000015380000,0x0000000015480000)]
  0x0000000014438800 JavaThread "Attach Listener" daemon [_thread_blocked, id=11004, stack(0x0000000015280000,0x0000000015380000)]
  0x0000000014435000 JavaThread "Signal Dispatcher" daemon [_thread_blocked, id=15820, stack(0x0000000015180000,0x0000000015280000)]
  0x00000000143f9000 JavaThread "Finalizer" daemon [_thread_blocked, id=13528, stack(0x0000000015070000,0x0000000015170000)]
  0x00000000143ef000 JavaThread "Reference Handler" daemon [_thread_blocked, id=7776, stack(0x0000000014f70000,0x0000000015070000)]
  0x0000000001f4d800 JavaThread "main" [_thread_blocked, id=17372, stack(0x0000000001e40000,0x0000000001f40000)]

Other Threads:
  0x00000000143eb000 VMThread [stack: 0x0000000014e70000,0x0000000014f70000] [id=17156]
  0x00000000144ae800 WatcherThread [stack: 0x0000000015680000,0x0000000015780000] [id=10792]

VM state:not at safepoint (normal execution)

VM Mutex/Monitor currently owned by a thread: None

Heap:
 PSYoungGen      total 16384K, used 6103K [0x00000000eb200000, 0x00000000ece00000, 0x0000000100000000)
  eden space 15872K, 35% used [0x00000000eb200000,0x00000000eb784a70,0x00000000ec180000)
  from space 512K, 88% used [0x00000000ecd80000,0x00000000ecdf1278,0x00000000ece00000)
  to   space 1536K, 0% used [0x00000000ecb00000,0x00000000ecb00000,0x00000000ecc80000)
 ParOldGen       total 64000K, used 4782K [0x00000000c1600000, 0x00000000c5480000, 0x00000000eb200000)
  object space 64000K, 7% used [0x00000000c1600000,0x00000000c1aab9a8,0x00000000c5480000)
 Metaspace       used 16268K, capacity 16442K, committed 16640K, reserved 1064960K
  class space    used 1639K, capacity 1687K, committed 1792K, reserved 1048576K

Card table byte_map: [0x0000000011440000,0x0000000011640000] byte_map_base: 0x0000000010e35000

Marking Bits: (ParMarkBitMap*) 0x00000000721413b0
 Begin Bits: [0x0000000011990000, 0x0000000012938000)
 End Bits:   [0x0000000012938000, 0x00000000138e0000)

Polling page: 0x00000000003e0000

CodeCache: size=245760Kb used=6328Kb max_used=6344Kb free=239431Kb
 bounds [0x0000000002080000, 0x00000000026c0000, 0x0000000011080000]
 total_blobs=2484 nmethods=1629 adapters=770
 compilation: enabled

Compilation events (10 events):
Event: 2123.622 Thread 0x000000001443a000 nmethod 1623 0x00000000026a2c90 code [0x00000000026a3480, 0x00000000026ad030]
Event: 3708.157 Thread 0x000000001443a000 1625       4       java.util.Arrays::binarySearch0 (95 bytes)
Event: 3708.364 Thread 0x000000001443a000 nmethod 1625 0x000000000268e810 code [0x000000000268e960, 0x000000000268eb18]
Event: 3708.824 Thread 0x0000000014440800 1626   !   3       sun.awt.PostEventQueue::flush (168 bytes)
Event: 3712.781 Thread 0x0000000014440800 nmethod 1626 0x00000000026a1150 code [0x00000000026a13a0, 0x00000000026a2488]
Event: 3712.781 Thread 0x0000000014440800 1627       3       jogamp.opengl.ThreadingImpl::invokeOnOpenGLThread (103 bytes)
Event: 3712.782 Thread 0x0000000014440800 nmethod 1627 0x000000000268aad0 code [0x000000000268ac40, 0x000000000268adc8]
Event: 3832.118 Thread 0x000000001443a000 1628       4       java.util.concurrent.locks.AbstractQueuedSynchronizer$ConditionObject::doSignalAll (36 bytes)
Event: 4578.811 Thread 0x000000001443a000 nmethod 1628 0x000000000268a650 code [0x000000000268a7a0, 0x000000000268a928]
Event: 5332.831 Thread 0x000000001443a000 1629       4       com.jogamp.opengl.awt.GLCanvas::getGraphicsConfiguration (370 bytes)

GC Heap History (10 events):
Event: 2.450 GC heap before
{Heap before GC invocations=12 (full 0):
 PSYoungGen      total 8192K, used 6720K [0x00000000eb200000, 0x00000000ebf80000, 0x0000000100000000)
  eden space 6656K, 100% used [0x00000000eb200000,0x00000000eb880000,0x00000000eb880000)
  from space 1536K, 4% used [0x00000000eb880000,0x00000000eb890000,0x00000000eba00000)
  to   space 1536K, 0% used [0x00000000ebe00000,0x00000000ebe00000,0x00000000ebf80000)
 ParOldGen       total 64000K, used 2541K [0x00000000c1600000, 0x00000000c5480000, 0x00000000eb200000)
  object space 64000K, 3% used [0x00000000c1600000,0x00000000c187b7a8,0x00000000c5480000)
 Metaspace       used 12763K, capacity 12962K, committed 13184K, reserved 1060864K
  class space    used 1242K, capacity 1299K, committed 1408K, reserved 1048576K
Event: 2.454 GC heap after
Heap after GC invocations=12 (full 0):
 PSYoungGen      total 11776K, used 1274K [0x00000000eb200000, 0x00000000ec080000, 0x0000000100000000)
  eden space 10240K, 0% used [0x00000000eb200000,0x00000000eb200000,0x00000000ebc00000)
  from space 1536K, 82% used [0x00000000ebe00000,0x00000000ebf3eb58,0x00000000ebf80000)
  to   space 2048K, 0% used [0x00000000ebc00000,0x00000000ebc00000,0x00000000ebe00000)
 ParOldGen       total 64000K, used 2581K [0x00000000c1600000, 0x00000000c5480000, 0x00000000eb200000)
  object space 64000K, 4% used [0x00000000c1600000,0x00000000c18857a8,0x00000000c5480000)
 Metaspace       used 12763K, capacity 12962K, committed 13184K, reserved 1060864K
  class space    used 1242K, capacity 1299K, committed 1408K, reserved 1048576K
}
Event: 2.808 GC heap before
{Heap before GC invocations=13 (full 0):
 PSYoungGen      total 11776K, used 11514K [0x00000000eb200000, 0x00000000ec080000, 0x0000000100000000)
  eden space 10240K, 100% used [0x00000000eb200000,0x00000000ebc00000,0x00000000ebc00000)
  from space 1536K, 82% used [0x00000000ebe00000,0x00000000ebf3eb58,0x00000000ebf80000)
  to   space 2048K, 0% used [0x00000000ebc00000,0x00000000ebc00000,0x00000000ebe00000)
 ParOldGen       total 64000K, used 2581K [0x00000000c1600000, 0x00000000c5480000, 0x00000000eb200000)
  object space 64000K, 4% used [0x00000000c1600000,0x00000000c18857a8,0x00000000c5480000)
 Metaspace       used 14170K, capacity 14318K, committed 14592K, reserved 1062912K
  class space    used 1432K, capacity 1493K, committed 1536K, reserved 1048576K
Event: 2.813 GC heap after
Heap after GC invocations=13 (full 0):
 PSYoungGen      total 12288K, used 720K [0x00000000eb200000, 0x00000000ec500000, 0x0000000100000000)
  eden space 10240K, 0% used [0x00000000eb200000,0x00000000eb200000,0x00000000ebc00000)
  from space 2048K, 35% used [0x00000000ebc00000,0x00000000ebcb4010,0x00000000ebe00000)
  to   space 1536K, 0% used [0x00000000ec380000,0x00000000ec380000,0x00000000ec500000)
 ParOldGen       total 64000K, used 3609K [0x00000000c1600000, 0x00000000c5480000, 0x00000000eb200000)
  object space 64000K, 5% used [0x00000000c1600000,0x00000000c1986720,0x00000000c5480000)
 Metaspace       used 14170K, capacity 14318K, committed 14592K, reserved 1062912K
  class space    used 1432K, capacity 1493K, committed 1536K, reserved 1048576K
}
Event: 3.578 GC heap before
{Heap before GC invocations=14 (full 0):
 PSYoungGen      total 12288K, used 10960K [0x00000000eb200000, 0x00000000ec500000, 0x0000000100000000)
  eden space 10240K, 100% used [0x00000000eb200000,0x00000000ebc00000,0x00000000ebc00000)
  from space 2048K, 35% used [0x00000000ebc00000,0x00000000ebcb4010,0x00000000ebe00000)
  to   space 1536K, 0% used [0x00000000ec380000,0x00000000ec380000,0x00000000ec500000)
 ParOldGen       total 64000K, used 3609K [0x00000000c1600000, 0x00000000c5480000, 0x00000000eb200000)
  object space 64000K, 5% used [0x00000000c1600000,0x00000000c1986720,0x00000000c5480000)
 Metaspace       used 15933K, capacity 16058K, committed 16384K, reserved 1064960K
  class space    used 1634K, capacity 1687K, committed 1792K, reserved 1048576K
Event: 3.584 GC heap after
Heap after GC invocations=14 (full 0):
 PSYoungGen      total 17920K, used 752K [0x00000000eb200000, 0x00000000ec500000, 0x0000000100000000)
  eden space 16384K, 0% used [0x00000000eb200000,0x00000000eb200000,0x00000000ec200000)
  from space 1536K, 48% used [0x00000000ec380000,0x00000000ec43c188,0x00000000ec500000)
  to   space 1536K, 0% used [0x00000000ec200000,0x00000000ec200000,0x00000000ec380000)
 ParOldGen       total 64000K, used 4134K [0x00000000c1600000, 0x00000000c5480000, 0x00000000eb200000)
  object space 64000K, 6% used [0x00000000c1600000,0x00000000c1a099a8,0x00000000c5480000)
 Metaspace       used 15933K, capacity 16058K, committed 16384K, reserved 1064960K
  class space    used 1634K, capacity 1687K, committed 1792K, reserved 1048576K
}
Event: 197.403 GC heap before
{Heap before GC invocations=15 (full 0):
 PSYoungGen      total 17920K, used 17136K [0x00000000eb200000, 0x00000000ec500000, 0x0000000100000000)
  eden space 16384K, 100% used [0x00000000eb200000,0x00000000ec200000,0x00000000ec200000)
  from space 1536K, 48% used [0x00000000ec380000,0x00000000ec43c188,0x00000000ec500000)
  to   space 1536K, 0% used [0x00000000ec200000,0x00000000ec200000,0x00000000ec380000)
 ParOldGen       total 64000K, used 4134K [0x00000000c1600000, 0x00000000c5480000, 0x00000000eb200000)
  object space 64000K, 6% used [0x00000000c1600000,0x00000000c1a099a8,0x00000000c5480000)
 Metaspace       used 16255K, capacity 16378K, committed 16640K, reserved 1064960K
  class space    used 1636K, capacity 1687K, committed 1792K, reserved 1048576K
Event: 198.871 GC heap after
Heap after GC invocations=15 (full 0):
 PSYoungGen      total 17920K, used 480K [0x00000000eb200000, 0x00000000ecf00000, 0x0000000100000000)
  eden space 16384K, 0% used [0x00000000eb200000,0x00000000eb200000,0x00000000ec200000)
  from space 1536K, 31% used [0x00000000ec200000,0x00000000ec278000,0x00000000ec380000)
  to   space 1536K, 0% used [0x00000000ecd80000,0x00000000ecd80000,0x00000000ecf00000)
 ParOldGen       total 64000K, used 4374K [0x00000000c1600000, 0x00000000c5480000, 0x00000000eb200000)
  object space 64000K, 6% used [0x00000000c1600000,0x00000000c1a459a8,0x00000000c5480000)
 Metaspace       used 16255K, capacity 16378K, committed 16640K, reserved 1064960K
  class space    used 1636K, capacity 1687K, committed 1792K, reserved 1048576K
}
Event: 3697.430 GC heap before
{Heap before GC invocations=16 (full 0):
 PSYoungGen      total 17920K, used 14193K [0x00000000eb200000, 0x00000000ecf00000, 0x0000000100000000)
  eden space 16384K, 83% used [0x00000000eb200000,0x00000000ebf64720,0x00000000ec200000)
  from space 1536K, 31% used [0x00000000ec200000,0x00000000ec278000,0x00000000ec380000)
  to   space 1536K, 0% used [0x00000000ecd80000,0x00000000ecd80000,0x00000000ecf00000)
 ParOldGen       total 64000K, used 4374K [0x00000000c1600000, 0x00000000c5480000, 0x00000000eb200000)
  object space 64000K, 6% used [0x00000000c1600000,0x00000000c1a459a8,0x00000000c5480000)
 Metaspace       used 16265K, capacity 16378K, committed 16640K, reserved 1064960K
  class space    used 1638K, capacity 1687K, committed 1792K, reserved 1048576K
Event: 3703.137 GC heap after
Heap after GC invocations=16 (full 0):
 PSYoungGen      total 16384K, used 452K [0x00000000eb200000, 0x00000000ece00000, 0x0000000100000000)
  eden space 15872K, 0% used [0x00000000eb200000,0x00000000eb200000,0x00000000ec180000)
  from space 512K, 88% used [0x00000000ecd80000,0x00000000ecdf1278,0x00000000ece00000)
  to   space 1536K, 0% used [0x00000000ecb00000,0x00000000ecb00000,0x00000000ecc80000)
 ParOldGen       total 64000K, used 4782K [0x00000000c1600000, 0x00000000c5480000, 0x00000000eb200000)
  object space 64000K, 7% used [0x00000000c1600000,0x00000000c1aab9a8,0x00000000c5480000)
 Metaspace       used 16265K, capacity 16378K, committed 16640K, reserved 1064960K
  class space    used 1638K, capacity 1687K, committed 1792K, reserved 1048576K
}

Deoptimization events (10 events):
Event: 240.516 Thread 0x0000000016da4000 Uncommon trap: reason=class_check action=maybe_recompile pc=0x000000000265e3b8 method=jogamp.opengl.GLDrawableImpl.swapBuffers()V @ 35
Event: 240.526 Thread 0x0000000016da4000 Uncommon trap: reason=class_check action=maybe_recompile pc=0x000000000265e3b8 method=jogamp.opengl.GLDrawableImpl.swapBuffers()V @ 35
Event: 240.537 Thread 0x0000000016da4000 Uncommon trap: reason=class_check action=maybe_recompile pc=0x000000000265e3b8 method=jogamp.opengl.GLDrawableImpl.swapBuffers()V @ 35
Event: 3646.792 Thread 0x0000000016da4000 Uncommon trap: reason=class_check action=maybe_recompile pc=0x000000000264e3c8 method=java.awt.event.InvocationEvent.dispatch()V @ 47
Event: 3704.261 Thread 0x0000000016da4000 Uncommon trap: reason=unreached action=reinterpret pc=0x00000000026007c8 method=java.awt.EventQueue.coalesceEvent(Ljava/awt/AWTEvent;I)Z @ 56
Event: 3704.343 Thread 0x0000000016da4000 Uncommon trap: reason=class_check action=maybe_recompile pc=0x0000000002648c84 method=java.awt.EventQueue.cacheEQItem(Lsun/awt/EventQueueItem;)V @ 20
Event: 3704.344 Thread 0x0000000016da4000 Uncommon trap: reason=class_check action=maybe_recompile pc=0x000000000264e3c8 method=java.awt.event.InvocationEvent.dispatch()V @ 47
Event: 3704.363 Thread 0x0000000016da4000 Uncommon trap: reason=class_check action=maybe_recompile pc=0x000000000264e3c8 method=java.awt.event.InvocationEvent.dispatch()V @ 47
Event: 3704.399 Thread 0x0000000001f4d800 Uncommon trap: reason=unreached action=reinterpret pc=0x0000000002673cfc method=java.awt.EventQueue.noEvents()Z @ 16
Event: 3704.565 Thread 0x0000000016da4000 Uncommon trap: reason=class_check action=maybe_recompile pc=0x00000000026542b8 method=java.awt.EventQueue.uncacheEQItem(Lsun/awt/EventQueueItem;)V @ 20

Internal exceptions (10 events):
Event: 7.190 Thread 0x0000000016da4000 Exception <a 'com/jogamp/opengl/GLException'> (0x00000000eb4c60e0) thrown at [D:\re\workspace\8-2-build-windows-amd64-cygwin\jdk8u5\2488\hotspot\src\share\vm\prims\jvm.cpp, line 1252]
Event: 7.191 Thread 0x0000000016da4000 Exception <a 'com/jogamp/opengl/GLException'> (0x00000000eb4c60e0) thrown at [D:\re\workspace\8-2-build-windows-amd64-cygwin\jdk8u5\2488\hotspot\src\share\vm\prims\jvm.cpp, line 1252]
Event: 7.366 Thread 0x0000000016da4000 Exception <a 'com/jogamp/opengl/GLException'> (0x00000000eb4f6fe0) thrown at [D:\re\workspace\8-2-build-windows-amd64-cygwin\jdk8u5\2488\hotspot\src\share\vm\prims\jvm.cpp, line 1252]
Event: 7.366 Thread 0x0000000016da4000 Exception <a 'com/jogamp/opengl/GLException'> (0x00000000eb4f6fe0) thrown at [D:\re\workspace\8-2-build-windows-amd64-cygwin\jdk8u5\2488\hotspot\src\share\vm\prims\jvm.cpp, line 1252]
Event: 7.989 Thread 0x0000000016da4000 Exception <a 'com/jogamp/opengl/GLException'> (0x00000000eb5430c8) thrown at [D:\re\workspace\8-2-build-windows-amd64-cygwin\jdk8u5\2488\hotspot\src\share\vm\prims\jvm.cpp, line 1252]
Event: 7.989 Thread 0x0000000016da4000 Exception <a 'com/jogamp/opengl/GLException'> (0x00000000eb5430c8) thrown at [D:\re\workspace\8-2-build-windows-amd64-cygwin\jdk8u5\2488\hotspot\src\share\vm\prims\jvm.cpp, line 1252]
Event: 19.281 Thread 0x0000000016da4000 Exception <a 'com/jogamp/opengl/GLException'> (0x00000000ebaada00) thrown at [D:\re\workspace\8-2-build-windows-amd64-cygwin\jdk8u5\2488\hotspot\src\share\vm\prims\jvm.cpp, line 1252]
Event: 19.281 Thread 0x0000000016da4000 Exception <a 'com/jogamp/opengl/GLException'> (0x00000000ebaada00) thrown at [D:\re\workspace\8-2-build-windows-amd64-cygwin\jdk8u5\2488\hotspot\src\share\vm\prims\jvm.cpp, line 1252]
Event: 23.784 Thread 0x0000000016da4000 Exception <a 'com/jogamp/opengl/GLException'> (0x00000000ebc5bf60) thrown at [D:\re\workspace\8-2-build-windows-amd64-cygwin\jdk8u5\2488\hotspot\src\share\vm\prims\jvm.cpp, line 1252]
Event: 23.784 Thread 0x0000000016da4000 Exception <a 'com/jogamp/opengl/GLException'> (0x00000000ebc5bf60) thrown at [D:\re\workspace\8-2-build-windows-amd64-cygwin\jdk8u5\2488\hotspot\src\share\vm\prims\jvm.cpp, line 1252]

Events (10 events):
Event: 3704.344 Thread 0x0000000016da4000 DEOPT UNPACKING pc=0x00000000020c73ef sp=0x000000005cdce3c0 mode 2
Event: 3704.363 Thread 0x0000000016da4000 Uncommon trap: trap_request=0xffffffde fr.pc=0x000000000264e3c8
Event: 3704.363 Thread 0x0000000016da4000 DEOPT PACKING pc=0x000000000264e3c8 sp=0x000000005cdce3f0
Event: 3704.363 Thread 0x0000000016da4000 DEOPT UNPACKING pc=0x00000000020c73ef sp=0x000000005cdce3c0 mode 2
Event: 3704.399 Thread 0x0000000001f4d800 Uncommon trap: trap_request=0xffffffad fr.pc=0x0000000002673cfc
Event: 3704.399 Thread 0x0000000001f4d800 DEOPT PACKING pc=0x0000000002673cfc sp=0x0000000001f3f510
Event: 3704.399 Thread 0x0000000001f4d800 DEOPT UNPACKING pc=0x00000000020c73ef sp=0x0000000001f3f1c0 mode 2
Event: 3704.565 Thread 0x0000000016da4000 Uncommon trap: trap_request=0xffffffde fr.pc=0x00000000026542b8
Event: 3704.565 Thread 0x0000000016da4000 DEOPT PACKING pc=0x00000000026542b8 sp=0x000000005cdcf070
Event: 3704.581 Thread 0x0000000016da4000 DEOPT UNPACKING pc=0x00000000020c73ef sp=0x000000005cdcef38 mode 2


Dynamic libraries:
0x00007ff60bda0000 - 0x00007ff60bdd4000 	C:\Program Files\Java\jdk1.8.0_05\bin\javaw.exe
0x00007ffd416e0000 - 0x00007ffd418a1000 	C:\WINDOWS\SYSTEM32\ntdll.dll
0x00007ffd3fd00000 - 0x00007ffd3fdad000 	C:\WINDOWS\system32\KERNEL32.DLL
0x00007ffd3e2b0000 - 0x00007ffd3e48d000 	C:\WINDOWS\system32\KERNELBASE.dll
0x00007ffd3efa0000 - 0x00007ffd3f046000 	C:\WINDOWS\system32\ADVAPI32.dll
0x00007ffd3fb70000 - 0x00007ffd3fc0d000 	C:\WINDOWS\system32\msvcrt.dll
0x00007ffd3f0d0000 - 0x00007ffd3f12b000 	C:\WINDOWS\system32\sechost.dll
0x00007ffd3f350000 - 0x00007ffd3f476000 	C:\WINDOWS\system32\RPCRT4.dll
0x00007ffd3f8d0000 - 0x00007ffd3fa1e000 	C:\WINDOWS\system32\USER32.dll
0x00007ffd3fdb0000 - 0x00007ffd3ff36000 	C:\WINDOWS\system32\GDI32.dll
0x00007ffd36c50000 - 0x00007ffd36ec4000 	C:\WINDOWS\WinSxS\amd64_microsoft.windows.common-controls_6595b64144ccf1df_6.0.10240.16384_none_f41f7b285750ef43\COMCTL32.dll
0x00007ffd3fcc0000 - 0x00007ffd3fcf6000 	C:\WINDOWS\system32\IMM32.DLL
0x00007ffd3f700000 - 0x00007ffd3f85c000 	C:\WINDOWS\system32\MSCTF.dll
0x0000000070a30000 - 0x0000000070b02000 	C:\Program Files\Java\jdk1.8.0_05\jre\bin\msvcr100.dll
0x0000000071990000 - 0x00000000721ba000 	C:\Program Files\Java\jdk1.8.0_05\jre\bin\server\jvm.dll
0x00007ffd3ef90000 - 0x00007ffd3ef98000 	C:\WINDOWS\system32\PSAPI.DLL
0x00007ffd3c6e0000 - 0x00007ffd3c6e9000 	C:\WINDOWS\SYSTEM32\WSOCK32.dll
0x00007ffd3fa20000 - 0x00007ffd3fa89000 	C:\WINDOWS\system32\WS2_32.dll
0x00007ffd3edb0000 - 0x00007ffd3edb8000 	C:\WINDOWS\system32\NSI.dll
0x00007ffd3c790000 - 0x00007ffd3c7b3000 	C:\WINDOWS\SYSTEM32\WINMM.dll
0x00007ffd3c730000 - 0x00007ffd3c75c000 	C:\WINDOWS\SYSTEM32\WINMMBASE.dll
0x00007ffd3e1b0000 - 0x00007ffd3e1f4000 	C:\WINDOWS\system32\cfgmgr32.dll
0x00007ffd3ca80000 - 0x00007ffd3caa7000 	C:\WINDOWS\SYSTEM32\DEVOBJ.dll
0x00000000727d0000 - 0x00000000727df000 	C:\Program Files\Java\jdk1.8.0_05\jre\bin\verify.dll
0x0000000071880000 - 0x00000000718a8000 	C:\Program Files\Java\jdk1.8.0_05\jre\bin\java.dll
0x0000000071860000 - 0x0000000071876000 	C:\Program Files\Java\jdk1.8.0_05\jre\bin\zip.dll
0x00007ffd40060000 - 0x00007ffd41582000 	C:\WINDOWS\system32\SHELL32.dll
0x00007ffd3e5b0000 - 0x00007ffd3ebd8000 	C:\WINDOWS\system32\windows.storage.dll
0x00007ffd3f480000 - 0x00007ffd3f6fc000 	C:\WINDOWS\system32\combase.dll
0x00007ffd40000000 - 0x00007ffd40051000 	C:\WINDOWS\system32\shlwapi.dll
0x00007ffd3e130000 - 0x00007ffd3e13f000 	C:\WINDOWS\system32\kernel.appcore.dll
0x00007ffd3e4f0000 - 0x00007ffd3e5a3000 	C:\WINDOWS\system32\shcore.dll
0x00007ffd3e160000 - 0x00007ffd3e1aa000 	C:\WINDOWS\system32\powrprof.dll
0x00007ffd3e110000 - 0x00007ffd3e123000 	C:\WINDOWS\system32\profapi.dll
0x0000000070890000 - 0x0000000070a26000 	C:\Program Files\Java\jdk1.8.0_05\jre\bin\awt.dll
0x00007ffd3ff40000 - 0x00007ffd3fffe000 	C:\WINDOWS\system32\OLEAUT32.dll
0x00007ffd3c860000 - 0x00007ffd3c8d8000 	C:\WINDOWS\system32\apphelp.dll
0x00007ffd3c9e0000 - 0x00007ffd3ca76000 	C:\WINDOWS\system32\uxtheme.dll
0x0000000180000000 - 0x0000000180110000 	C:\Windows\system32\pmls64.dll
0x00007ffd41590000 - 0x00007ffd416d1000 	C:\WINDOWS\system32\ole32.dll
0x00007ffd30430000 - 0x00007ffd30499000 	C:\Windows\system32\OLEACC.dll
0x00007ffd2fd10000 - 0x00007ffd2ffb7000 	C:\Windows\system32\WININET.dll
0x00007ffd33510000 - 0x00007ffd3351a000 	C:\Windows\system32\VERSION.dll
0x00007ffd3d450000 - 0x00007ffd3d482000 	C:\WINDOWS\SYSTEM32\ntmarta.dll
0x00007ffd27260000 - 0x00007ffd27302000 	C:\Program Files\Common Files\microsoft shared\ink\tiptsf.dll
0x00007ffd3bf30000 - 0x00007ffd3bf52000 	C:\WINDOWS\system32\dwmapi.dll
0x00007ffd3df30000 - 0x00007ffd3df9b000 	C:\WINDOWS\SYSTEM32\bcryptPrimitives.dll
0x00007ffd3d4b0000 - 0x00007ffd3d524000 	C:\WINDOWS\SYSTEM32\Schannel.dll
0x00007ffd3ebe0000 - 0x00007ffd3eda1000 	C:\WINDOWS\system32\CRYPT32.dll
0x00007ffd3e140000 - 0x00007ffd3e151000 	C:\WINDOWS\system32\MSASN1.dll
0x00007ffd3dd50000 - 0x00007ffd3dd7c000 	C:\WINDOWS\SYSTEM32\SspiCli.dll
0x00007ffd3d920000 - 0x00007ffd3d97d000 	C:\WINDOWS\system32\mswsock.dll
0x00007ffd3d980000 - 0x00007ffd3d997000 	C:\WINDOWS\SYSTEM32\CRYPTSP.dll
0x00007ffd3e040000 - 0x00007ffd3e068000 	C:\WINDOWS\SYSTEM32\bcrypt.dll
0x00007ffd3d5d0000 - 0x00007ffd3d603000 	C:\WINDOWS\system32\rsaenh.dll
0x00007ffd3d700000 - 0x00007ffd3d71f000 	C:\WINDOWS\SYSTEM32\USERENV.dll
0x00007ffd3daf0000 - 0x00007ffd3dafb000 	C:\WINDOWS\SYSTEM32\CRYPTBASE.dll
0x0000000071840000 - 0x000000007185a000 	C:\Program Files\Java\jdk1.8.0_05\jre\bin\net.dll
0x00007ffd382d0000 - 0x00007ffd38308000 	C:\WINDOWS\SYSTEM32\IPHLPAPI.DLL
0x00007ffd382c0000 - 0x00007ffd382cb000 	C:\WINDOWS\SYSTEM32\WINNSI.DLL
0x00007ffd36460000 - 0x00007ffd36476000 	C:\WINDOWS\SYSTEM32\dhcpcsvc6.DLL
0x00007ffd36f00000 - 0x00007ffd36f1a000 	C:\WINDOWS\SYSTEM32\dhcpcsvc.DLL
0x0000000071820000 - 0x0000000071831000 	C:\Program Files\Java\jdk1.8.0_05\jre\bin\nio.dll
0x00000000637c0000 - 0x00000000637cd000 	C:\Users\Nicholas\AppData\Local\Temp\jogamp_0000\file_cache\jln1183453396382802233\jln6817986293955297705\gluegen-rt.dll
0x0000000070880000 - 0x0000000070887000 	C:\Program Files\Java\jdk1.8.0_05\jre\bin\jawt.dll
0x000000006a440000 - 0x000000006a44d000 	C:\Users\Nicholas\AppData\Local\Temp\jogamp_0000\file_cache\jln1183453396382802233\jln6817986293955297705\nativewindow_awt.dll
0x00007ffd12040000 - 0x00007ffd12250000 	C:\WINDOWS\system32\d3d9.dll
0x00007ffd08390000 - 0x00007ffd0a673000 	C:\WINDOWS\SYSTEM32\igdumdim64.dll
0x00007ffd3edc0000 - 0x00007ffd3ef85000 	C:\WINDOWS\system32\SETUPAPI.dll
0x00007ffd3a4b0000 - 0x00007ffd3aeb2000 	C:\WINDOWS\SYSTEM32\igdusc64.dll
0x000000006c100000 - 0x000000006c10f000 	C:\Users\Nicholas\AppData\Local\Temp\jogamp_0000\file_cache\jln1183453396382802233\jln6817986293955297705\nativewindow_win32.dll
0x00007ffd2e070000 - 0x00007ffd2e198000 	C:\WINDOWS\SYSTEM32\OpenGL32.dll
0x00007ffd35c20000 - 0x00007ffd35c4e000 	C:\WINDOWS\SYSTEM32\GLU32.dll
0x00007ffd2df70000 - 0x00007ffd2e066000 	C:\WINDOWS\SYSTEM32\DDRAW.dll
0x00007ffd3c7c0000 - 0x00007ffd3c7c8000 	C:\WINDOWS\SYSTEM32\DCIMAN32.dll
0x0000000064500000 - 0x00000000645ae000 	C:\Users\Nicholas\AppData\Local\Temp\jogamp_0000\file_cache\jln1183453396382802233\jln6817986293955297705\jogl_desktop.dll
0x0000000064340000 - 0x00000000643a0000 	C:\Users\Nicholas\AppData\Local\Temp\jogamp_0000\file_cache\jln1183453396382802233\jln6817986293955297705\jogl_mobile.dll
0x00007ffd07890000 - 0x00007ffd08383000 	C:\WINDOWS\SYSTEM32\ig75icd64.dll
0x00007ffd3c450000 - 0x00007ffd3c463000 	C:\WINDOWS\SYSTEM32\WTSAPI32.dll
0x0000000070830000 - 0x0000000070877000 	C:\Program Files\Java\jdk1.8.0_05\jre\bin\fontmanager.dll
0x00007ffd3fc10000 - 0x00007ffd3fcb5000 	C:\WINDOWS\system32\clbcatq.dll
0x00007ffd147a0000 - 0x00007ffd148ec000 	C:\Windows\System32\uiautomationcore.dll
0x00007ffd3dfa0000 - 0x00007ffd3e038000 	C:\WINDOWS\SYSTEM32\sxs.dll
0x00007ffd275d0000 - 0x00007ffd2768a000 	C:\WINDOWS\SYSTEM32\twinapi.dll
0x00007ffd3cad0000 - 0x00007ffd3cbbe000 	C:\WINDOWS\SYSTEM32\twinapi.appcore.dll
0x00000000707e0000 - 0x0000000070821000 	C:\Program Files\Java\jdk1.8.0_05\jre\bin\t2k.dll
0x00007ffd3bf80000 - 0x00007ffd3bfdc000 	C:\WINDOWS\system32\Ninput.dll
0x00007ffd1c820000 - 0x00007ffd1c9aa000 	C:\WINDOWS\SYSTEM32\dbghelp.dll

VM Arguments:
jvm_args: -Dfile.encoding=Cp1252 
java_command: CS480Task7Template
java_class_path (initial): C:\Users\Nicholas\Documents\shelby.ewu.edu\Task7;C:\Users\Nicholas\Documents\shelby.ewu.edu\viewer\cs480-task-1-support\windows64\gluegen.jar;C:\Users\Nicholas\Documents\shelby.ewu.edu\viewer\cs480-task-1-support\windows64\gluegen-rt.jar;C:\Users\Nicholas\Documents\shelby.ewu.edu\viewer\cs480-task-1-support\windows64\gluegen-rt-natives-windows-amd64.jar;C:\Users\Nicholas\Documents\shelby.ewu.edu\viewer\cs480-task-1-support\windows64\jogl-all.jar;C:\Users\Nicholas\Documents\shelby.ewu.edu\viewer\cs480-task-1-support\windows64\jogl-all-natives-windows-amd64.jar;C:\Users\Nicholas\Documents\shelby.ewu.edu\Task7\cs480-viewer-task-7.jar
Launcher Type: SUN_STANDARD

Environment Variables:
PATH=C:/Program Files/Java/jdk1.8.0_05/bin/../jre/bin/server;C:/Program Files/Java/jdk1.8.0_05/bin/../jre/bin;C:/Program Files/Java/jdk1.8.0_05/bin/../jre/lib/amd64;C:\Program Files (x86)\mingw-w64\i686-5.1.0-posix-dwarf-rt_v4-rev0\mingw32\bin; C:\ProgramData\Oracle\Java\javapath;C:\Program Files\Java\jdk1.8.0_05\bin; C:\MinGW\bin; C:\MinGW\msys\1.0\bin; C:\WINDOWS\system32;C:\WINDOWS;C:\WINDOWS\System32\Wbem;C:\WINDOWS\System32\WindowsPowerShell\v1.0\; C:\Windows\system32\cmd.exe;C:\WINDOWS\system32;C:\Program Files (x86)\Skype\Phone\;C:\Strawberry\c\bin;C:\Strawberry\perl\site\bin;C:\Strawberry\perl\bin;C:\Program Files (x86)\Common Files\Roxio Shared\DLLShared\;C:\Program Files (x86)\Common Files\Roxio Shared\DLLShared\;C:\Program Files (x86)\Common Files\Roxio Shared\Game1X\DLLShared\;C:\Users\Nicholas\Downloads\eclipse-Mars\eclipse;
USERNAME=Nicholas
OS=Windows_NT
PROCESSOR_IDENTIFIER=Intel64 Family 6 Model 69 Stepping 1, GenuineIntel



---------------  S Y S T E M  ---------------

OS: Windows 8.1 , 64 bit Build 9600 

CPU:total 2 (2 cores per cpu, 1 threads per core) family 6 model 69 stepping 1, cmov, cx8, fxsr, mmx, sse, sse2, sse3, ssse3, sse4.1, sse4.2, popcnt, clmul, erms, tsc, tscinvbit

Memory: 4k page, physical 4099864k(811604k free), swap 16682776k(186344k free)

vm_info: Java HotSpot(TM) 64-Bit Server VM (25.5-b02) for windows-amd64 JRE (1.8.0_05-b13), built on Mar 18 2014 01:08:39 by "java_re" with MS VC++ 10.0 (VS2010)

time: Wed Dec 02 12:07:58 2015
elapsed time: 5438 seconds

